<?xml version="1.0" encoding="UTF-8"?>
<!-- Generated by org.testng.reporters.JUnitReportReporter -->
<testsuite hostname="DESKTOP-A2H5HF5" failures="0" tests="3" name="com.banarasisaree.UI.Login2" time="0.013" errors="0" timestamp="2025-06-26T17:50:15 IST" skipped="0">
  <testcase classname="com.banarasisaree.UI.Login2" name="printName" time="0.005"/>
  <testcase classname="com.banarasisaree.UI.Login2" name="printSurname" time="0.005"/>
  <testcase classname="com.banarasisaree.UI.Login2" name="printLogin" time="0.003"/>
</testsuite> <!-- com.banarasisaree.UI.Login2 -->
