<?xml version="1.0" encoding="UTF-8"?>
<!-- Generated by org.testng.reporters.JUnitReportReporter -->
<testsuite hostname="DESKTOP-A2H5HF5" failures="0" tests="4" name="com.banarasisaree.UI.Login" time="0.043" errors="0" timestamp="2025-06-26T17:50:15 IST" skipped="0">
  <testcase classname="com.banarasisaree.UI.Login" name="printSurname" time="0.003"/>
  <testcase classname="com.banarasisaree.UI.Login" name="printAge" time="0.028"/>
  <testcase classname="com.banarasisaree.UI.Login" name="printLogin" time="0.004"/>
  <testcase classname="com.banarasisaree.UI.Login" name="printName" time="0.008"/>
</testsuite> <!-- com.banarasisaree.UI.Login -->
